<?xml version="1.0" encoding="UTF-8"?>
<!-- Generated by org.testng.reporters.JUnitReportReporter -->
<testsuite hostname="DESKTOP-94P5TL7" failures="0" tests="4" name="com.samplemaven.SignInTest" time="4.453" errors="0" timestamp="2021-02-02T00:30:18 CET" skipped="0">
  <testcase classname="com.samplemaven.SignInTest" name="signIn" time="1.167"/>
  <system-out/>
  <testcase classname="com.samplemaven.SignInTest" name="signIn" time="0.855"/>
  <system-out/>
  <testcase classname="com.samplemaven.SignInTest" name="signIn" time="0.915"/>
  <system-out/>
  <testcase classname="com.samplemaven.SignInTest" name="forgotPassword" time="1.516"/>
  <system-out/>
</testsuite> <!-- com.samplemaven.SignInTest -->
